<?xml version="1.0" encoding="UTF-8"?>
<testsuite name="ite.librarymaster.service.LibraryServiceImplTest" tests="1" skipped="0" failures="0" errors="0" timestamp="2015-05-28T14:48:23" hostname="macalak-ntb" time="0.106">
  <properties/>
  <testcase name="testGetAllBooks" classname="ite.librarymaster.service.LibraryServiceImplTest" time="0.106"/>
  <system-out><![CDATA[INFO : org.springframework.beans.factory.xml.XmlBeanDefinitionReader - Loading XML bean definitions from class path resource [ite/librarymaster/service/LibraryServiceImplTest-context.xml]
WARN : org.hibernate.dialect.H2Dialect - HHH000431: Unable to determine H2 database version, certain features may not work
Hibernate: select book0_.id as id2_0_, book0_.availability as availabi3_0_, book0_.catId as catId4_0_, book0_.title as title5_0_, book0_.publisher as publishe6_0_, book0_.author as author7_0_, book0_.genre as genre8_0_, book0_.isbn as isbn9_0_ from Medium book0_ where book0_.DTYPE='Book'
]]></system-out>
  <system-err><![CDATA[]]></system-err>
</testsuite>
